<?xml version="1.0" encoding="UTF-8"?>
<!-- Generated by org.testng.reporters.JUnitReportReporter -->
<testsuite hostname="DESKTOP-1KP6IP3" failures="0" tests="1" name="testcases.TC_001_PlaceOrder" time="94.478" errors="0" timestamp="2022-06-04T20:47:50 BDT" skipped="0">
  <testcase classname="testcases.TC_001_PlaceOrder" name="orderPlace" time="94.478"/>
  <system-out/>
</testsuite> <!-- testcases.TC_001_PlaceOrder -->
